# JRE version: 7.0_25-b17
# Java VM: Java HotSpot(TM) 64-Bit Server VM (23.25-b01 mixed mode windows-amd64 compressed oops)
Heap
 PSYoungGen      total 129728K, used 41701K [0x00000000ec360000, 0x00000000f9f00000, 0x0000000100000000)
  eden space 116928K, 24% used [0x00000000ec360000,0x00000000edf9aca8,0x00000000f3590000)
  from space 12800K, 99% used [0x00000000f3590000,0x00000000f420e8c0,0x00000000f4210000)
  to   space 18880K, 0% used [0x00000000f8c90000,0x00000000f8c90000,0x00000000f9f00000)
 ParOldGen       total 40576K, used 30425K [0x00000000c4a00000, 0x00000000c71a0000, 0x00000000ec360000)
  object space 40576K, 74% used [0x00000000c4a00000,0x00000000c67b6400,0x00000000c71a0000)
 PSPermGen       total 23168K, used 23024K [0x00000000bf800000, 0x00000000c0ea0000, 0x00000000c4a00000)
  object space 23168K, 99% used [0x00000000bf800000,0x00000000c0e7c098,0x00000000c0ea0000)
GC Heap History (10 events):
Event: 3.119 GC heap before
{Heap before GC invocations=5 (full 0):
 PSYoungGen      total 32960K, used 32928K [0x00000000ec360000, 0x00000000ee600000, 0x0000000100000000)
  eden space 30464K, 100% used [0x00000000ec360000,0x00000000ee120000,0x00000000ee120000)
  from space 2496K, 98% used [0x00000000ee390000,0x00000000ee5f8020,0x00000000ee600000)
  to   space 2496K, 0% used [0x00000000ee120000,0x00000000ee120000,0x00000000ee390000)
 ParOldGen       total 40576K, used 5209K [0x00000000c4a00000, 0x00000000c71a0000, 0x00000000ec360000)
  object space 40576K, 12% used [0x00000000c4a00000,0x00000000c4f16470,0x00000000c71a0000)
 PSPermGen       total 21248K, used 13902K [0x00000000bf800000, 0x00000000c0cc0000, 0x00000000c4a00000)
  object space 21248K, 65% used [0x00000000bf800000,0x00000000c0593b80,0x00000000c0cc0000)
Event: 3.146 GC heap after
Heap after GC invocations=5 (full 0):
 PSYoungGen      total 32960K, used 2496K [0x00000000ec360000, 0x00000000f0b00000, 0x0000000100000000)
  eden space 30464K, 0% used [0x00000000ec360000,0x00000000ec360000,0x00000000ee120000)
  from space 2496K, 100% used [0x00000000ee120000,0x00000000ee390000,0x00000000ee390000)
  to   space 6208K, 0% used [0x00000000f04f0000,0x00000000f04f0000,0x00000000f0b00000)
 ParOldGen       total 40576K, used 8552K [0x00000000c4a00000, 0x00000000c71a0000, 0x00000000ec360000)
  object space 40576K, 21% used [0x00000000c4a00000,0x00000000c525a310,0x00000000c71a0000)
 PSPermGen       total 21248K, used 13902K [0x00000000bf800000, 0x00000000c0cc0000, 0x00000000c4a00000)
  object space 21248K, 65% used [0x00000000bf800000,0x00000000c0593b80,0x00000000c0cc0000)
}
Event: 3.772 GC heap before
{Heap before GC invocations=6 (full 0):
 PSYoungGen      total 32960K, used 32960K [0x00000000ec360000, 0x00000000f0b00000, 0x0000000100000000)
  eden space 30464K, 100% used [0x00000000ec360000,0x00000000ee120000,0x00000000ee120000)
  from space 2496K, 100% used [0x00000000ee120000,0x00000000ee390000,0x00000000ee390000)
  to   space 6208K, 0% used [0x00000000f04f0000,0x00000000f04f0000,0x00000000f0b00000)
 ParOldGen       total 40576K, used 8552K [0x00000000c4a00000, 0x00000000c71a0000, 0x00000000ec360000)
  object space 40576K, 21% used [0x00000000c4a00000,0x00000000c525a310,0x00000000c71a0000)
 PSPermGen       total 21248K, used 13979K [0x00000000bf800000, 0x00000000c0cc0000, 0x00000000c4a00000)
  object space 21248K, 65% used [0x00000000bf800000,0x00000000c05a6e70,0x00000000c0cc0000)
Event: 3.791 GC heap after
Heap after GC invocations=6 (full 0):
 PSYoungGen      total 66624K, used 4288K [0x00000000ec360000, 0x00000000f0a80000, 0x0000000100000000)
  eden space 60928K, 0% used [0x00000000ec360000,0x00000000ec360000,0x00000000efee0000)
  from space 5696K, 75% used [0x00000000f04f0000,0x00000000f0920000,0x00000000f0a80000)
  to   space 5952K, 0% used [0x00000000efee0000,0x00000000efee0000,0x00000000f04b0000)
 ParOldGen       total 40576K, used 8552K [0x00000000c4a00000, 0x00000000c71a0000, 0x00000000ec360000)
  object space 40576K, 21% used [0x00000000c4a00000,0x00000000c525a310,0x00000000c71a0000)
 PSPermGen       total 21248K, used 13979K [0x00000000bf800000, 0x00000000c0cc0000, 0x00000000c4a00000)
  object space 21248K, 65% used [0x00000000bf800000,0x00000000c05a6e70,0x00000000c0cc0000)
}
Event: 5.614 GC heap before
{Heap before GC invocations=7 (full 0):
 PSYoungGen      total 66624K, used 65216K [0x00000000ec360000, 0x00000000f0a80000, 0x0000000100000000)
  eden space 60928K, 100% used [0x00000000ec360000,0x00000000efee0000,0x00000000efee0000)
  from space 5696K, 75% used [0x00000000f04f0000,0x00000000f0920000,0x00000000f0a80000)
  to   space 5952K, 0% used [0x00000000efee0000,0x00000000efee0000,0x00000000f04b0000)
 ParOldGen       total 40576K, used 8552K [0x00000000c4a00000, 0x00000000c71a0000, 0x00000000ec360000)
  object space 40576K, 21% used [0x00000000c4a00000,0x00000000c525a310,0x00000000c71a0000)
 PSPermGen       total 21248K, used 17689K [0x00000000bf800000, 0x00000000c0cc0000, 0x00000000c4a00000)
  object space 21248K, 83% used [0x00000000bf800000,0x00000000c0946740,0x00000000c0cc0000)
Event: 5.634 GC heap after
Heap after GC invocations=7 (full 0):
 PSYoungGen      total 66880K, used 5920K [0x00000000ec360000, 0x00000000f49c0000, 0x0000000100000000)
  eden space 60928K, 0% used [0x00000000ec360000,0x00000000ec360000,0x00000000efee0000)
  from space 5952K, 99% used [0x00000000efee0000,0x00000000f04a8020,0x00000000f04b0000)
  to   space 7872K, 0% used [0x00000000f4210000,0x00000000f4210000,0x00000000f49c0000)
 ParOldGen       total 40576K, used 11084K [0x00000000c4a00000, 0x00000000c71a0000, 0x00000000ec360000)
  object space 40576K, 27% used [0x00000000c4a00000,0x00000000c54d3078,0x00000000c71a0000)
 PSPermGen       total 21248K, used 17689K [0x00000000bf800000, 0x00000000c0cc0000, 0x00000000c4a00000)
  object space 21248K, 83% used [0x00000000bf800000,0x00000000c0946740,0x00000000c0cc0000)
}
Event: 7.581 GC heap before
{Heap before GC invocations=8 (full 0):
 PSYoungGen      total 66880K, used 66847K [0x00000000ec360000, 0x00000000f49c0000, 0x0000000100000000)
  eden space 60928K, 99% used [0x00000000ec360000,0x00000000efedfd80,0x00000000efee0000)
  from space 5952K, 99% used [0x00000000efee0000,0x00000000f04a8020,0x00000000f04b0000)
  to   space 7872K, 0% used [0x00000000f4210000,0x00000000f4210000,0x00000000f49c0000)
 ParOldGen       total 40576K, used 11084K [0x00000000c4a00000, 0x00000000c71a0000, 0x00000000ec360000)
  object space 40576K, 27% used [0x00000000c4a00000,0x00000000c54d3078,0x00000000c71a0000)
 PSPermGen       total 21248K, used 18656K [0x00000000bf800000, 0x00000000c0cc0000, 0x00000000c4a00000)
  object space 21248K, 87% used [0x00000000bf800000,0x00000000c0a38068,0x00000000c0cc0000)
Event: 7.610 GC heap after
Heap after GC invocations=8 (full 0):
 PSYoungGen      total 124800K, used 7840K [0x00000000ec360000, 0x00000000f5360000, 0x0000000100000000)
  eden space 116928K, 0% used [0x00000000ec360000,0x00000000ec360000,0x00000000f3590000)
  from space 7872K, 99% used [0x00000000f4210000,0x00000000f49b8020,0x00000000f49c0000)
  to   space 12800K, 0% used [0x00000000f3590000,0x00000000f3590000,0x00000000f4210000)
 ParOldGen       total 40576K, used 20200K [0x00000000c4a00000, 0x00000000c71a0000, 0x00000000ec360000)
  object space 40576K, 49% used [0x00000000c4a00000,0x00000000c5dba250,0x00000000c71a0000)
 PSPermGen       total 21248K, used 18656K [0x00000000bf800000, 0x00000000c0cc0000, 0x00000000c4a00000)
  object space 21248K, 87% used [0x00000000bf800000,0x00000000c0a38068,0x00000000c0cc0000)
}
Event: 12.295 GC heap before
{Heap before GC invocations=9 (full 0):
 PSYoungGen      total 124800K, used 124768K [0x00000000ec360000, 0x00000000f5360000, 0x0000000100000000)
  eden space 116928K, 100% used [0x00000000ec360000,0x00000000f3590000,0x00000000f3590000)
  from space 7872K, 99% used [0x00000000f4210000,0x00000000f49b8020,0x00000000f49c0000)
  to   space 12800K, 0% used [0x00000000f3590000,0x00000000f3590000,0x00000000f4210000)
 ParOldGen       total 40576K, used 20200K [0x00000000c4a00000, 0x00000000c71a0000, 0x00000000ec360000)
  object space 40576K, 49% used [0x00000000c4a00000,0x00000000c5dba250,0x00000000c71a0000)
 PSPermGen       total 23168K, used 22987K [0x00000000bf800000, 0x00000000c0ea0000, 0x00000000c4a00000)
  object space 23168K, 99% used [0x00000000bf800000,0x00000000c0e72c08,0x00000000c0ea0000)
Event: 12.363 GC heap after
Heap after GC invocations=9 (full 0):
 PSYoungGen      total 129728K, used 12794K [0x00000000ec360000, 0x00000000f9f00000, 0x0000000100000000)
  eden space 116928K, 0% used [0x00000000ec360000,0x00000000ec360000,0x00000000f3590000)
  from space 12800K, 99% used [0x00000000f3590000,0x00000000f420e8c0,0x00000000f4210000)
  to   space 18880K, 0% used [0x00000000f8c90000,0x00000000f8c90000,0x00000000f9f00000)
 ParOldGen       total 40576K, used 30425K [0x00000000c4a00000, 0x00000000c71a0000, 0x00000000ec360000)
  object space 40576K, 74% used [0x00000000c4a00000,0x00000000c67b6400,0x00000000c71a0000)
 PSPermGen       total 23168K, used 22987K [0x00000000bf800000, 0x00000000c0ea0000, 0x00000000c4a00000)
  object space 23168K, 99% used [0x00000000bf800000,0x00000000c0e72c08,0x00000000c0ea0000)
}

